
/home/runner/work/exp-scalar-logical-time-iiith/exp-scalar-logical-time-iiith/experiment/simulation/js/generate.js
    7:60  warning  'ele' is defined but never used             no-unused-vars
    7:65  warning  'idx' is defined but never used             no-unused-vars
  107:9   warning  Expected a 'break' statement before 'case'  no-fallthrough

/home/runner/work/exp-scalar-logical-time-iiith/exp-scalar-logical-time-iiith/experiment/simulation/js/helper.js
   87:25  warning  Do not access Object.prototype method 'hasOwnProperty' from target object  no-prototype-builtins
   94:30  warning  Do not access Object.prototype method 'hasOwnProperty' from target object  no-prototype-builtins
  113:27  warning  'waiting' is not defined                                                   no-undef
  138:26  warning  'waiting' is not defined                                                   no-undef
  141:13  warning  'waiting' is not defined                                                   no-undef
  144:9   warning  'counter' is not defined                                                   no-undef
  145:9   warning  'waiting' is not defined                                                   no-undef

/home/runner/work/exp-scalar-logical-time-iiith/exp-scalar-logical-time-iiith/experiment/simulation/js/main.js
   179:10  warning  'mysteryAdjustment' is defined but never used       no-unused-vars
   200:43  warning  'time' is defined but never used                    no-unused-vars
   318:55  warning  'event' is defined but never used                   no-unused-vars
   533:51  warning  'tim' is defined but never used                     no-unused-vars
   554:51  warning  'tim' is defined but never used                     no-unused-vars
   569:47  warning  'event' is defined but never used                   no-unused-vars
   643:22  warning  'event' is defined but never used                   no-unused-vars
   895:31  warning  'event' is defined but never used                   no-unused-vars
  1027:21  warning  'event' is defined but never used                   no-unused-vars
  1112:21  warning  'event' is defined but never used                   no-unused-vars
  1266:52  warning  'event' is defined but never used                   no-unused-vars
  1272:54  warning  'event' is defined but never used                   no-unused-vars
  1280:54  warning  'event' is defined but never used                   no-unused-vars
  1290:23  warning  'event' is defined but never used                   no-unused-vars
  1334:26  warning  'event' is defined but never used                   no-unused-vars
  1351:9   warning  Expected a 'break' statement before 'case'          no-fallthrough
  1353:9   warning  Expected a 'break' statement before 'default'       no-fallthrough
  1374:79  warning  'process_number' is defined but never used          no-unused-vars
  1409:23  warning  'event' is defined but never used                   no-unused-vars
  1413:39  warning  'tim' is defined but never used                     no-unused-vars
  1429:15  warning  'originalValue' is assigned a value but never used  no-unused-vars
  1438:17  warning  Setter cannot return a value                        no-setter-return
  1570:39  warning  'event' is defined but never used                   no-unused-vars
  1593:39  warning  'tim' is defined but never used                     no-unused-vars

✖ 34 problems (0 errors, 34 warnings)

